<?xml version="1.0" encoding="UTF-8"?>
<testsuite name="co.com.castor.spv.runners.quotetravelassistence.QuoteTravelAssistanceRun" tests="0" skipped="0" failures="0" errors="0" timestamp="1970-01-01T00:00:00" hostname="DESKTOP-ANR82VJ" time="0.0">
  <properties/>
  <system-out><![CDATA[
1 Scenarios (?[32m1 passed?[0m)
3 Steps (?[32m3 passed?[0m)
1m19,934s


]]></system-out>
  <system-err><![CDATA[[Test worker] INFO io.cucumber.core.plugin.SerenityReporter - Running feature from file:///C:/Users/USUARIO/IdeaProjects/Test-Automation-Traveler-SPV/src/test/resources/features/quotetravelassistance/quotetravelassistance.feature
[Test worker] INFO  - ?[96m

-------------------------------------------------------------------------------------
     _______. _______ .______       _______ .__   __.  __  .___________.____    ____ 
    /       ||   ____||   _  \     |   ____||  \ |  | |  | |           |\   \  /   / 
   |   (----`|  |__   |  |_)  |    |  |__   |   \|  | |  | `---|  |----` \   \/   /  
    \   \    |   __|  |      /     |   __|  |  . `  | |  |     |  |       \_    _/   
.----)   |   |  |____ |  |\  \----.|  |____ |  |\   | |  |     |  |         |  |     
|_______/    |_______|| _| `._____||_______||__| \__| |__|     |__|         |__|    
                                                                                     
 News and tutorials at http://www.serenity-bdd.info                                  
 Documentation at https://wakaleo.gitbooks.io/the-serenity-book/content/             
 Join the Serenity Community on Gitter: https://gitter.im/serenity-bdd/serenity-core 
 Serenity BDD Support and Training at http://serenity-bdd.info/#/trainingandsupport  
-------------------------------------------------------------------------------------
?[0m
[Test worker] INFO  - Test Suite Started: Traveler assistance - Home
[pool-1-thread-1] INFO net.thucydides.core.reports.ReportService - net.thucydides.core.reports.json.JSONTestOutcomeReporter@59933644: Generating report for test outcome: Traveler assistance - Home:Quote travel assistance
[pool-2-thread-1] INFO net.thucydides.core.reports.ReportService - net.thucydides.core.reports.html.HtmlAcceptanceTestReporter@46c662f2: Generating report for test outcome: Traveler assistance - Home:Quote travel assistance
[pool-2-thread-1] INFO serenity.reporting - 
--------------------------------------
| TEST NAME:   ?[1mQuote travel assistance?[0m
| RESULT:      ?[92mPassing?[0m
| REQUIREMENT: Traveler assistance - Home
| REPORT:      ?[96mfile:///C:/Users/USUARIO/IdeaProjects/Test-Automation-Traveler-SPV/target/site/serenity/cded2c8fee77dde0088d1b9096ff723bb0dbc039cc0e4b751825edda78c35c7b.html?[0m
--------------------------------------
[Test worker] INFO io.cucumber.core.plugin.SerenityReporter - Cleanup test resources for URI file:///C:/Users/USUARIO/IdeaProjects/Test-Automation-Traveler-SPV/src/test/resources/features/quotetravelassistance/quotetravelassistance.feature
]]></system-err>
</testsuite>
